weather/build/intermediates/manifest_merge_blame_file/debug/manifest-merger-blame-debug-report.txt
1<?xml version="1.0" encoding="utf-8"?>
2<manifest xmlns:android="http://schemas.android.com/apk/res/android"
3    package="com.rakel.he.weatherbooth"
4    android:versionCode="1"
5    android:versionName="1.0" >
6
7    <uses-sdk
8        android:minSdkVersion="15"
8-->src/main/AndroidManifest.xml
9        android:targetSdkVersion="29" />
9-->src/main/AndroidManifest.xml
10
11    <application
11-->src/main/AndroidManifest.xml:5:5-11:55
12        android:allowBackup="true"
12-->src/main/AndroidManifest.xml:6:9-35
13        android:appComponentFactory="androidx.core.app.CoreComponentFactory"
13-->[androidx.core:core:1.1.0] AndroidManifest.xml:24:18-86
14        android:debuggable="true"
15        android:icon="@mipmap/ic_launcher"
15-->src/main/AndroidManifest.xml:7:9-43
16        android:label="@string/app_name"
16-->src/main/AndroidManifest.xml:8:9-41
17        android:roundIcon="@mipmap/ic_launcher_round"
17-->src/main/AndroidManifest.xml:9:9-54
18        android:supportsRtl="true"
18-->src/main/AndroidManifest.xml:10:9-35
19        android:theme="@style/AppTheme" >
19-->src/main/AndroidManifest.xml:11:9-40
20        <activity
20-->[pub.devrel:easypermissions:0.3.0] AndroidManifest.xml:12:9-16:66
21            android:name="pub.devrel.easypermissions.AppSettingsDialogHolderActivity"
21-->[pub.devrel:easypermissions:0.3.0] AndroidManifest.xml:13:13-86
22            android:exported="false"
22-->[pub.devrel:easypermissions:0.3.0] AndroidManifest.xml:14:13-37
23            android:label=""
23-->[pub.devrel:easypermissions:0.3.0] AndroidManifest.xml:15:13-29
24            android:theme="@style/EasyPermissions.Transparent" />
24-->[pub.devrel:easypermissions:0.3.0] AndroidManifest.xml:16:13-63
25    </application>
26
27</manifest>